{
  "stats": {
    "suites": 1,
    "tests": 1,
    "passes": 1,
    "pending": 0,
    "failures": 0,
    "start": "2020-06-19T11:45:59.476Z",
    "end": "2020-06-19T11:46:03.802Z",
    "duration": 4326,
    "testsRegistered": 1,
    "passPercent": 100,
    "pendingPercent": 0,
    "other": 0,
    "hasOther": false,
    "skipped": 0,
    "hasSkipped": false
  },
  "results": [
    {
      "uuid": "8a58c0bc-c389-4ae0-8391-e0e95a090ed5",
      "title": "",
      "fullFile": "cypress/test/conduit/SM06_plugin_uploadFiles.spec.js",
      "file": "cypress/test/conduit/SM06_plugin_uploadFiles.spec.js",
      "beforeHooks": [],
      "afterHooks": [],
      "tests": [],
      "suites": [
        {
          "uuid": "9250a8af-8c81-43c4-9566-40c1e192691f",
          "title": "Working with plugins",
          "fullFile": "",
          "file": "",
          "beforeHooks": [],
          "afterHooks": [],
          "tests": [
            {
              "title": "File upload",
              "fullTitle": "Working with plugins File upload",
              "timedOut": null,
              "duration": 1515,
              "state": "passed",
              "speed": "slow",
              "pass": true,
              "fail": false,
              "pending": false,
              "context": null,
              "code": "cy.visit('https://cgi-lib.berkeley.edu/ex/fup.html'); // upload file\nvar fileName = 'printing.txt';\n/* For cypress-file-upload version < 4.0.0\ncy.fixture(fileName).then(fileContent => {\n    cy.get('[type=\"file\"]').upload({ fileContent, fileName, mimeType: 'application/pdf' });\n})*/\n// For cypress-file-upload version > 4.0.0\ncy.get('[type=\"file\"]').attachFile(fileName);\ncy.get('[type=\"submit\"]').click();\ncy.contains(\"You've uploaded a file. Your notes on the file were:\", {\n  timeout: 10000\n});",
              "err": {},
              "uuid": "45275e07-9ea0-4641-aff6-3c492ac8eb4c",
              "parentUUID": "9250a8af-8c81-43c4-9566-40c1e192691f",
              "isHook": false,
              "skipped": false
            }
          ],
          "suites": [],
          "passes": [
            "45275e07-9ea0-4641-aff6-3c492ac8eb4c"
          ],
          "failures": [],
          "pending": [],
          "skipped": [],
          "duration": 1515,
          "root": false,
          "rootEmpty": false,
          "_timeout": 2000
        }
      ],
      "passes": [],
      "failures": [],
      "pending": [],
      "skipped": [],
      "duration": 0,
      "root": true,
      "rootEmpty": true,
      "_timeout": 2000
    }
  ],
  "meta": {
    "mocha": {
      "version": "7.0.1"
    },
    "mochawesome": {
      "options": {
        "quiet": false,
        "reportFilename": "mochawesome",
        "saveHtml": false,
        "saveJson": true,
        "consoleReporter": "spec",
        "useInlineDiffs": false,
        "code": true
      },
      "version": "6.1.1"
    },
    "marge": {
      "options": {
        "id": "default",
        "reportDir": "cypress/reports/mocha",
        "quite": true,
        "overwrite": false,
        "html": false,
        "json": true
      },
      "version": "5.1.0"
    }
  }
}