{
  "stats": {
    "suites": 1,
    "tests": 3,
    "passes": 3,
    "pending": 0,
    "failures": 0,
    "start": "2020-06-19T11:45:01.011Z",
    "end": "2020-06-19T11:45:10.780Z",
    "duration": 9769,
    "testsRegistered": 3,
    "passPercent": 100,
    "pendingPercent": 0,
    "other": 0,
    "hasOther": false,
    "skipped": 0,
    "hasSkipped": false
  },
  "results": [
    {
      "uuid": "7dc6c44c-ad15-46a0-b003-42145f8c640b",
      "title": "",
      "fullFile": "cypress/test/conduit/SM02_create_post.spec.js",
      "file": "cypress/test/conduit/SM02_create_post.spec.js",
      "beforeHooks": [],
      "afterHooks": [],
      "tests": [],
      "suites": [
        {
          "uuid": "f8cd4fb7-84ef-45f0-881f-3c3e989394f0",
          "title": "Create and mark-unmark as favorite",
          "fullFile": "",
          "file": "",
          "beforeHooks": [],
          "afterHooks": [],
          "tests": [
            {
              "title": "Sign in",
              "fullTitle": "Create and mark-unmark as favorite Sign in",
              "timedOut": null,
              "duration": 3761,
              "state": "passed",
              "speed": "slow",
              "pass": true,
              "fail": false,
              "pending": false,
              "context": null,
              "code": "cy.visit('/#/login');\ncy.title().should('eq', 'Conduit');\ncy.location('protocol').should('eq', 'https:'); // cy.get('input[type=email]').type('muthash@github.com')\n// cy.get('input[type=password]').type('muthash123')\n// cy.get('.btn').contains('Sign in').should('be.visible').click()\ncy.get('form').within(function ($form) {\n  // cy.get() will only search for elements within form, not within the entire document\n  cy.get('input[type = \"email\"]').type('muthash@github.com');\n  cy.get('input[type = \"password\"]').type('muthash123');\n  cy.root().submit(); // submits the form yielded from 'within'\n});\ncy.contains('Your Feed', {\n  timeout: 10000\n}).should('be.visible');\ncy.contains('Global Feed').should('be.visible');",
              "err": {},
              "uuid": "50190f50-1a26-4705-a4f7-f4065b08c192",
              "parentUUID": "f8cd4fb7-84ef-45f0-881f-3c3e989394f0",
              "isHook": false,
              "skipped": false
            },
            {
              "title": "Create a post",
              "fullTitle": "Create and mark-unmark as favorite Create a post",
              "timedOut": null,
              "duration": 1786,
              "state": "passed",
              "speed": "slow",
              "pass": true,
              "fail": false,
              "pending": false,
              "context": null,
              "code": "// cy.contains('New Post').click()\ncy.get('ul.navbar-nav').children().contains('New Post').click(); // cy.location('hash').should('include','#/editor')\ncy.hash().should('include', '#/editor'); // cy.get('input[placeholder=\"Article Title\"]').type('Test This Title')\n// cy.get('input[placeholder=\"What\\'s this article about?\"]').type('Test this input')\n// cy.get('textarea[placeholder=\"Write your article (in markdown)\"]').type('Test this textarea')\n// cy.contains('Publish Article').click()\ncy.get('form').within(function ($form) {\n  cy.get('input').first().type('Test');\n  cy.get('input').eq(1).type('Test 1');\n  cy.get('textarea').last().type('Test 2');\n  cy.contains('Publish Article').click();\n});\ncy.url().should('include', 'article');",
              "err": {},
              "uuid": "e60a936a-0d76-4545-8532-67790ffd7897",
              "parentUUID": "f8cd4fb7-84ef-45f0-881f-3c3e989394f0",
              "isHook": false,
              "skipped": false
            },
            {
              "title": "Mark-unmark as favorite",
              "fullTitle": "Create and mark-unmark as favorite Mark-unmark as favorite",
              "timedOut": null,
              "duration": 3984,
              "state": "passed",
              "speed": "slow",
              "pass": true,
              "fail": false,
              "pending": false,
              "context": null,
              "code": "// cy.get('.nav-link').contains('muthash').click()\ncy.get('ul.navbar-nav').children().contains('muthash').click();\ncy.contains('My Articles').should('be.visible');\ncy.get('.ion-heart').first().click();\ncy.contains('Favorited Articles').click();\ncy.url().should('include', 'favorites');\ncy.get('.ion-heart').first().click();\ncy.reload();\ncy.contains('No articles are here... yet.').should('be.visible');\ncy.go('back'); //cy.go(-1)\n//cy.go('forward')\n//cy.go(1)",
              "err": {},
              "uuid": "17b4b542-68b4-4711-9161-b09d08378970",
              "parentUUID": "f8cd4fb7-84ef-45f0-881f-3c3e989394f0",
              "isHook": false,
              "skipped": false
            }
          ],
          "suites": [],
          "passes": [
            "50190f50-1a26-4705-a4f7-f4065b08c192",
            "e60a936a-0d76-4545-8532-67790ffd7897",
            "17b4b542-68b4-4711-9161-b09d08378970"
          ],
          "failures": [],
          "pending": [],
          "skipped": [],
          "duration": 9531,
          "root": false,
          "rootEmpty": false,
          "_timeout": 2000
        }
      ],
      "passes": [],
      "failures": [],
      "pending": [],
      "skipped": [],
      "duration": 0,
      "root": true,
      "rootEmpty": true,
      "_timeout": 2000
    }
  ],
  "meta": {
    "mocha": {
      "version": "7.0.1"
    },
    "mochawesome": {
      "options": {
        "quiet": false,
        "reportFilename": "mochawesome",
        "saveHtml": false,
        "saveJson": true,
        "consoleReporter": "spec",
        "useInlineDiffs": false,
        "code": true
      },
      "version": "6.1.1"
    },
    "marge": {
      "options": {
        "id": "default",
        "reportDir": "cypress/reports/mocha",
        "quite": true,
        "overwrite": false,
        "html": false,
        "json": true
      },
      "version": "5.1.0"
    }
  }
}