{
  "stats": {
    "suites": 1,
    "tests": 1,
    "passes": 1,
    "pending": 0,
    "failures": 0,
    "start": "2020-06-19T12:39:44.204Z",
    "end": "2020-06-19T12:39:48.415Z",
    "duration": 4211,
    "testsRegistered": 1,
    "passPercent": 100,
    "pendingPercent": 0,
    "other": 0,
    "hasOther": false,
    "skipped": 0,
    "hasSkipped": false
  },
  "results": [
    {
      "uuid": "8b37476d-12b1-4c5b-a327-35f17fc99f19",
      "title": "",
      "fullFile": "cypress/test/conduit/SM01_login.spec.js",
      "file": "cypress/test/conduit/SM01_login.spec.js",
      "beforeHooks": [],
      "afterHooks": [],
      "tests": [],
      "suites": [
        {
          "uuid": "44b85199-394f-4254-b2b6-593334e76637",
          "title": "Login",
          "fullFile": "",
          "file": "",
          "beforeHooks": [],
          "afterHooks": [],
          "tests": [
            {
              "title": "Sign in",
              "fullTitle": "Login Sign in",
              "timedOut": null,
              "duration": 4113,
              "state": "passed",
              "speed": "slow",
              "pass": true,
              "fail": false,
              "pending": false,
              "context": null,
              "code": "cy.visit('/');\ncy.get('.navbar').contains('Sign in').click();\ncy.get('input[type=email]').type('muthash@github.com');\ncy.get('input[type=password]').type('muthash123');\ncy.get('.btn').contains('Sign in').should('be.visible').click();",
              "err": {},
              "uuid": "0b914780-568d-4454-986a-02da8787096f",
              "parentUUID": "44b85199-394f-4254-b2b6-593334e76637",
              "isHook": false,
              "skipped": false
            }
          ],
          "suites": [],
          "passes": [
            "0b914780-568d-4454-986a-02da8787096f"
          ],
          "failures": [],
          "pending": [],
          "skipped": [],
          "duration": 4113,
          "root": false,
          "rootEmpty": false,
          "_timeout": 2000
        }
      ],
      "passes": [],
      "failures": [],
      "pending": [],
      "skipped": [],
      "duration": 0,
      "root": true,
      "rootEmpty": true,
      "_timeout": 2000
    }
  ],
  "meta": {
    "mocha": {
      "version": "7.0.1"
    },
    "mochawesome": {
      "options": {
        "quiet": false,
        "reportFilename": "mochawesome",
        "saveHtml": false,
        "saveJson": true,
        "consoleReporter": "spec",
        "useInlineDiffs": false,
        "code": true
      },
      "version": "6.1.1"
    },
    "marge": {
      "options": {
        "id": "default",
        "reportDir": "cypress/reports/mocha",
        "quite": true,
        "overwrite": false,
        "html": false,
        "json": true
      },
      "version": "5.1.0"
    }
  }
}